build/intermediates/manifest_merge_blame_file/release/processReleaseManifest/manifest-merger-blame-release-report.txt
1<?xml version="1.0" encoding="utf-8"?>
2<manifest xmlns:android="http://schemas.android.com/apk/res/android"
3    package="uni.dcloud.io.uniplugin_webview" >
4
5    <uses-sdk android:minSdkVersion="22" />
6
7    <application>
7-->src/main/AndroidManifest.xml:2:5-4:19
8
9        <!-- WebView 插件不需要额外声明 Activity -->
10    </application>
11
12</manifest>